[debug] [2025-10-08T06:36:03.783Z] ----------------------------------------------------------------------
[debug] [2025-10-08T06:36:03.785Z] Command:       C:\Program Files\nodejs\node.exe C:\Users\SAGAR\AppData\Roaming\npm\node_modules\firebase-tools\lib\bin\firebase.js projects:list
[debug] [2025-10-08T06:36:03.786Z] CLI Version:   14.17.0
[debug] [2025-10-08T06:36:03.786Z] Platform:      win32
[debug] [2025-10-08T06:36:03.786Z] Node Version:  v20.18.0
[debug] [2025-10-08T06:36:03.786Z] Time:          Wed Oct 08 2025 12:06:03 GMT+0530 (India Standard Time)
[debug] [2025-10-08T06:36:03.786Z] ----------------------------------------------------------------------
[debug] 
[debug] [2025-10-08T06:36:04.016Z] > command requires scopes: ["email","openid","https://www.googleapis.com/auth/cloudplatformprojects.readonly","https://www.googleapis.com/auth/firebase","https://www.googleapis.com/auth/cloud-platform"]
[debug] [2025-10-08T06:36:04.017Z] > authorizing via signed-in user (sagarsurya1999@gmail.com)
[debug] [2025-10-08T06:36:04.022Z] Checked if tokens are valid: false, expires at: 1742900461801
[debug] [2025-10-08T06:36:04.022Z] Checked if tokens are valid: false, expires at: 1742900461801
[debug] [2025-10-08T06:36:04.023Z] > refreshing access token with scopes: []
[debug] [2025-10-08T06:36:04.024Z] >>> [apiv2][query] POST https://www.googleapis.com/oauth2/v3/token [none]
[debug] [2025-10-08T06:36:04.024Z] >>> [apiv2][body] POST https://www.googleapis.com/oauth2/v3/token [omitted]
[debug] [2025-10-08T06:36:04.259Z] <<< [apiv2][status] POST https://www.googleapis.com/oauth2/v3/token 400
[debug] [2025-10-08T06:36:04.259Z] <<< [apiv2][body] POST https://www.googleapis.com/oauth2/v3/token [omitted]
[debug] [2025-10-08T06:36:04.260Z] >>> [apiv2][query] GET https://firebase.googleapis.com/v1beta1/projects pageSize=1000
[debug] [2025-10-08T06:36:04.512Z] <<< [apiv2][status] GET https://firebase.googleapis.com/v1beta1/projects 401
[debug] [2025-10-08T06:36:04.513Z] <<< [apiv2][body] GET https://firebase.googleapis.com/v1beta1/projects [omitted]
[debug] [2025-10-08T06:36:04.513Z] Got a 401 Unauthenticated error for a call that required authentication. Refreshing tokens.
[debug] [2025-10-08T06:36:04.513Z] Checked if tokens are valid: false, expires at: 1742900461801
[debug] [2025-10-08T06:36:04.513Z] Checked if tokens are valid: false, expires at: 1742900461801
[debug] [2025-10-08T06:36:04.513Z] > refreshing access token with scopes: []
[debug] [2025-10-08T06:36:04.513Z] >>> [apiv2][query] POST https://www.googleapis.com/oauth2/v3/token [none]
[debug] [2025-10-08T06:36:04.513Z] >>> [apiv2][body] POST https://www.googleapis.com/oauth2/v3/token [omitted]
[debug] [2025-10-08T06:36:04.627Z] <<< [apiv2][status] POST https://www.googleapis.com/oauth2/v3/token 400
[debug] [2025-10-08T06:36:04.627Z] <<< [apiv2][body] POST https://www.googleapis.com/oauth2/v3/token [omitted]
[debug] [2025-10-08T06:36:04.628Z] Request to https://firebase.googleapis.com/v1beta1/projects?pageSize=1000 had HTTP Error: 401, Request had invalid authentication credentials. Expected OAuth 2 access token, login cookie or other valid authentication credential. See https://developers.google.com/identity/sign-in/web/devconsole-project.
[debug] [2025-10-08T06:36:05.123Z] FirebaseError: Request to https://firebase.googleapis.com/v1beta1/projects?pageSize=1000 had HTTP Error: 401, Request had invalid authentication credentials. Expected OAuth 2 access token, login cookie or other valid authentication credential. See https://developers.google.com/identity/sign-in/web/devconsole-project.
    at responseToError (C:\Users\SAGAR\AppData\Roaming\npm\node_modules\firebase-tools\lib\responseToError.js:52:12)
    at RetryOperation._fn (C:\Users\SAGAR\AppData\Roaming\npm\node_modules\firebase-tools\lib\apiv2.js:312:77)
    at process.processTicksAndRejections (node:internal/process/task_queues:95:5)
[error] 
[error] Error: Failed to list Firebase projects. See firebase-debug.log for more info.
